Using pre-set license
Built from '2020.3/staging' branch; Version is '2020.3.4f1 (0abb6314276a) revision 703331'; Using compiler version '192528614'; Build Type 'Release'
OS: 'Windows 10 Home; OS build 19041.985; Version 2004; 64bit' Language: 'en' Physical Memory: 6060 MB
BatchMode: 1, IsHumanControllingUs: 0, StartBugReporterOnCrash: 0, Is64bit: 1, IsPro: 0

 COMMAND LINE ARGUMENTS:
C:\Program Files\Unity\Hub\Editor\2020.3.4f1\Editor\Unity.exe
-adb2
-batchMode
-noUpm
-name
AssetImportWorker0
-projectPath
C:/Users/blk12/OneDrive - School District No. 36 (Surrey)/GIT/Core-pathways-1.2/Core pathways final
-logFile
Logs/AssetImportWorker0.log
-srvPort
52494
Successfully changed project path to: C:/Users/blk12/OneDrive - School District No. 36 (Surrey)/GIT/Core-pathways-1.2/Core pathways final
C:/Users/blk12/OneDrive - School District No. 36 (Surrey)/GIT/Core-pathways-1.2/Core pathways final
Using Asset Import Pipeline V2.
Refreshing native plugins compatible for Editor in 106.25 ms, found 0 plugins.
Preloading 0 native plugins for Editor in 0.00 ms.
Initialize engine version: 2020.3.4f1 (0abb6314276a)
[Subsystems] Discovering subsystems at path C:/Program Files/Unity/Hub/Editor/2020.3.4f1/Editor/Data/Resources/UnitySubsystems
[Subsystems] Discovering subsystems at path C:/Users/blk12/OneDrive - School District No. 36 (Surrey)/GIT/Core-pathways-1.2/Core pathways final/Assets
GfxDevice: creating device client; threaded=0
Direct3D:
    Version:  Direct3D 11.0 [level 11.1]
    Renderer: AMD Radeon(TM) Vega 8 Graphics (ID=0x15d8)
    Vendor:   
    VRAM:     3030 MB
    Driver:   27.20.11044.7
Initialize mono
Mono path[0] = 'C:/Program Files/Unity/Hub/Editor/2020.3.4f1/Editor/Data/Managed'
Mono path[1] = 'C:/Program Files/Unity/Hub/Editor/2020.3.4f1/Editor/Data/MonoBleedingEdge/lib/mono/unityjit'
Mono config path = 'C:/Program Files/Unity/Hub/Editor/2020.3.4f1/Editor/Data/MonoBleedingEdge/etc'
Using monoOptions --debugger-agent=transport=dt_socket,embedding=1,server=y,suspend=n,address=127.0.0.1:56864
Begin MonoManager ReloadAssembly
Registering precompiled unity dll's ...
Register platform support module: C:/Program Files/Unity/Hub/Editor/2020.3.4f1/Editor/Data/PlaybackEngines/WebGLSupport/UnityEditor.WebGL.Extensions.dll
Register platform support module: C:/Program Files/Unity/Hub/Editor/2020.3.4f1/Editor/Data/PlaybackEngines/WindowsStandaloneSupport/UnityEditor.WindowsStandalone.Extensions.dll
Registered in 0.008334 seconds.
Native extension for WindowsStandalone target not found
Native extension for WebGL target not found
Refreshing native plugins compatible for Editor in 103.74 ms, found 0 plugins.
Preloading 0 native plugins for Editor in 0.00 ms.
Mono: successfully reloaded assembly
- Completed reload, in  3.144 seconds
Platform modules already initialized, skipping
Registering precompiled user dll's ...
Registered in 0.004640 seconds.
Begin MonoManager ReloadAssembly
Native extension for WindowsStandalone target not found
Native extension for WebGL target not found
Refreshing native plugins compatible for Editor in 1.29 ms, found 0 plugins.
Preloading 0 native plugins for Editor in 0.00 ms.
Mono: successfully reloaded assembly
- Completed reload, in  2.049 seconds
Platform modules already initialized, skipping
========================================================================
Worker process is ready to serve import requests
Launched and connected shader compiler UnityShaderCompiler.exe after 0.16 seconds
Refreshing native plugins compatible for Editor in 1.18 ms, found 0 plugins.
Preloading 0 native plugins for Editor in 0.00 ms.
Unloading 1654 Unused Serialized files (Serialized files now loaded: 0)
System memory in use before: 103.6 MB.
System memory in use after: 103.6 MB.

Unloading 72 unused Assets to reduce memory usage. Loaded Objects now: 2127.
Total: 5.749400 ms (FindLiveObjects: 0.784200 ms CreateObjectMapping: 0.167200 ms MarkObjects: 4.340200 ms  DeleteObjects: 0.451600 ms)

========================================================================
Received Import Request.
  path: Assets/AssetStoreOriginals/_SNAPS_PrototypingAssets/About/Icons/Help_Icon.png
  artifactKey: Guid(a186f8a87ca4f4d3aa864638ad5dfb65) Importer(815301076,1909f56bfc062723c751e8b465ee728b)
Start importing Assets/AssetStoreOriginals/_SNAPS_PrototypingAssets/About/Icons/Help_Icon.png using Guid(a186f8a87ca4f4d3aa864638ad5dfb65) Importer(815301076,1909f56bfc062723c751e8b465ee728b)  -> (artifact id: '06336d3bb1b6fdc3a8150393c90f042d') in 0.343142 seconds
  Import took 0.355570 seconds .

========================================================================
Received Import Request.
  Time since last request: 0.000782 seconds.
  path: Assets/AssetStoreOriginals/_SNAPS_PrototypingAssets/About/Icons/SnapsIcon.png
  artifactKey: Guid(f3b461aa3ce4e164e80610d900c9b22d) Importer(815301076,1909f56bfc062723c751e8b465ee728b)
Start importing Assets/AssetStoreOriginals/_SNAPS_PrototypingAssets/About/Icons/SnapsIcon.png using Guid(f3b461aa3ce4e164e80610d900c9b22d) Importer(815301076,1909f56bfc062723c751e8b465ee728b)  -> (artifact id: 'd637bdc5ed6585e534ee48dd72cb8926') in 0.036169 seconds
  Import took 0.046872 seconds .

========================================================================
Received Import Request.
  Time since last request: 24.435289 seconds.
  path: Assets/EffectExamples/FireExplosionEffects/Textures
  artifactKey: Guid(b570582a843ea1143a2446d355eda99b) Importer(815301076,1909f56bfc062723c751e8b465ee728b)
Start importing Assets/EffectExamples/FireExplosionEffects/Textures using Guid(b570582a843ea1143a2446d355eda99b) Importer(815301076,1909f56bfc062723c751e8b465ee728b)  -> (artifact id: '19eca521839aa1ccdbd1dd5eebaaa490') in 0.010266 seconds
  Import took 0.022145 seconds .

========================================================================
Received Import Request.
  Time since last request: 0.097707 seconds.
  path: Assets/EffectExamples/FireExplosionEffects/Textures/DebrisParticleSheet.png
  artifactKey: Guid(af1f1b45fa6b5e64894c04ceb8a592f7) Importer(815301076,1909f56bfc062723c751e8b465ee728b)
Start importing Assets/EffectExamples/FireExplosionEffects/Textures/DebrisParticleSheet.png using Guid(af1f1b45fa6b5e64894c04ceb8a592f7) Importer(815301076,1909f56bfc062723c751e8b465ee728b)  -> (artifact id: '8fcce2e77eccb744caa2cecb264bd676') in 0.119770 seconds
  Import took 0.134195 seconds .

========================================================================
Received Import Request.
  Time since last request: 0.001186 seconds.
  path: Assets/EffectExamples/FireExplosionEffects/Textures/SmokePuffNormalSheet.tif
  artifactKey: Guid(3bc01580ce4f1834eb3562397607f51d) Importer(815301076,1909f56bfc062723c751e8b465ee728b)
Start importing Assets/EffectExamples/FireExplosionEffects/Textures/SmokePuffNormalSheet.tif using Guid(3bc01580ce4f1834eb3562397607f51d) Importer(815301076,1909f56bfc062723c751e8b465ee728b)  -> (artifact id: '0ced1f17fd60de628db28ba7e641d3f6') in 0.107833 seconds
  Import took 0.117801 seconds .

========================================================================
Received Import Request.
  Time since last request: 0.001192 seconds.
  path: Assets/EffectExamples/FireExplosionEffects/Textures/FlameRoundParticleSheet.tif
  artifactKey: Guid(408718fd5f763de42b12f849570ddf58) Importer(815301076,1909f56bfc062723c751e8b465ee728b)
Start importing Assets/EffectExamples/FireExplosionEffects/Textures/FlameRoundParticleSheet.tif using Guid(408718fd5f763de42b12f849570ddf58) Importer(815301076,1909f56bfc062723c751e8b465ee728b)  -> (artifact id: 'acce5cdf6c8c6645898db21c3aa832d2') in 0.025969 seconds
  Import took 0.033660 seconds .

========================================================================
Received Import Request.
  Time since last request: 0.000976 seconds.
  path: Assets/EffectExamples/FireExplosionEffects/Textures/FlameRoundGreyParticleSheet.tif
  artifactKey: Guid(aa0907451008d784b8ef5b1c0900465d) Importer(815301076,1909f56bfc062723c751e8b465ee728b)
Start importing Assets/EffectExamples/FireExplosionEffects/Textures/FlameRoundGreyParticleSheet.tif using Guid(aa0907451008d784b8ef5b1c0900465d) Importer(815301076,1909f56bfc062723c751e8b465ee728b)  -> (artifact id: '6e173703ccf4aef15cc9de4c4530a965') in 0.031061 seconds
  Import took 0.040264 seconds .

========================================================================
Received Import Request.
  Time since last request: 0.000658 seconds.
  path: Assets/EffectExamples/FireExplosionEffects/Textures/LightningParticle.tif
  artifactKey: Guid(06e4a78c75e10c145a9156e32089ec9c) Importer(815301076,1909f56bfc062723c751e8b465ee728b)
Start importing Assets/EffectExamples/FireExplosionEffects/Textures/LightningParticle.tif using Guid(06e4a78c75e10c145a9156e32089ec9c) Importer(815301076,1909f56bfc062723c751e8b465ee728b)  -> (artifact id: 'c193251df308902aa75405f8b841bffa') in 0.035104 seconds
  Import took 0.042936 seconds .

========================================================================
Received Import Request.
  Time since last request: 0.001086 seconds.
  path: Assets/EffectExamples/FireExplosionEffects/Textures/FlameParticleSheet.tif
  artifactKey: Guid(838696ee09635f647b630a61fac71a72) Importer(815301076,1909f56bfc062723c751e8b465ee728b)
Start importing Assets/EffectExamples/FireExplosionEffects/Textures/FlameParticleSheet.tif using Guid(838696ee09635f647b630a61fac71a72) Importer(815301076,1909f56bfc062723c751e8b465ee728b)  -> (artifact id: '0261c1c4cfb5658a0658c98e7ce39995') in 0.027497 seconds
  Import took 0.036478 seconds .

========================================================================
Received Import Request.
  Time since last request: 0.000902 seconds.
  path: Assets/EffectExamples/FireExplosionEffects/Textures/RoundSoftParticle.tif
  artifactKey: Guid(82c211cd7b28abb4a9e4ee77e8bd1b03) Importer(815301076,1909f56bfc062723c751e8b465ee728b)
Start importing Assets/EffectExamples/FireExplosionEffects/Textures/RoundSoftParticle.tif using Guid(82c211cd7b28abb4a9e4ee77e8bd1b03) Importer(815301076,1909f56bfc062723c751e8b465ee728b)  -> (artifact id: '2b7ea77643586ca73464f362b617e767') in 0.040279 seconds
  Import took 0.047970 seconds .

========================================================================
Received Import Request.
  Time since last request: 0.000902 seconds.
  path: Assets/EffectExamples/FireExplosionEffects/Textures/SmokePuffParticleSheet.png
  artifactKey: Guid(d3c9883e2f0eef44f9241b6f8428f9fc) Importer(815301076,1909f56bfc062723c751e8b465ee728b)
Start importing Assets/EffectExamples/FireExplosionEffects/Textures/SmokePuffParticleSheet.png using Guid(d3c9883e2f0eef44f9241b6f8428f9fc) Importer(815301076,1909f56bfc062723c751e8b465ee728b)  -> (artifact id: 'bae7a96e9b8ec8914f60ed2990fee187') in 0.028049 seconds
  Import took 0.036771 seconds .

========================================================================
Received Import Request.
  Time since last request: 0.000750 seconds.
  path: Assets/EffectExamples/FireExplosionEffects/Textures/SmokePuff02ParticleSheet.tif
  artifactKey: Guid(26e206bd730800f4f82b828eb9f1c067) Importer(815301076,1909f56bfc062723c751e8b465ee728b)
Start importing Assets/EffectExamples/FireExplosionEffects/Textures/SmokePuff02ParticleSheet.tif using Guid(26e206bd730800f4f82b828eb9f1c067) Importer(815301076,1909f56bfc062723c751e8b465ee728b)  -> (artifact id: 'be86d460d60bf8454faba6edc7da2b57') in 0.044881 seconds
  Import took 0.053488 seconds .

========================================================================
Received Import Request.
  Time since last request: 138.072276 seconds.
  path: Assets/EffectExamples/WaterEffects
  artifactKey: Guid(ba290491ceddda648bce3f8b178b2353) Importer(815301076,1909f56bfc062723c751e8b465ee728b)
Start importing Assets/EffectExamples/WaterEffects using Guid(ba290491ceddda648bce3f8b178b2353) Importer(815301076,1909f56bfc062723c751e8b465ee728b)  -> (artifact id: '087696fb06cb8b360ffb75762afadc9c') in 0.015820 seconds
  Import took 0.028693 seconds .

========================================================================
Received Import Request.
  Time since last request: 1.756099 seconds.
  path: Assets/EffectExamples/WaterEffects/Prefabs
  artifactKey: Guid(527a225033593d040b9de296117f335e) Importer(815301076,1909f56bfc062723c751e8b465ee728b)
Start importing Assets/EffectExamples/WaterEffects/Prefabs using Guid(527a225033593d040b9de296117f335e) Importer(815301076,1909f56bfc062723c751e8b465ee728b)  -> (artifact id: 'f20c1f0983e1220bc5c8588a268f20df') in 0.015985 seconds
  Import took 0.029537 seconds .

========================================================================
Received Import Request.
  Time since last request: 0.091333 seconds.
  path: Assets/EffectExamples/WaterEffects/Prefabs/RainEffect.prefab
  artifactKey: Guid(d0c0b49979d372942ae5a964d9364111) Importer(815301076,1909f56bfc062723c751e8b465ee728b)
Start importing Assets/EffectExamples/WaterEffects/Prefabs/RainEffect.prefab using Guid(d0c0b49979d372942ae5a964d9364111) Importer(815301076,1909f56bfc062723c751e8b465ee728b)  -> (artifact id: '5ca5c7fcd09dc76a13fea6460b35681b') in 0.047470 seconds
  Import took 0.059991 seconds .

========================================================================
Received Import Request.
  Time since last request: 0.000932 seconds.
  path: Assets/EffectExamples/WaterEffects/Prefabs/WaterDripEffect.prefab
  artifactKey: Guid(3e8bbc11ff0ac7f4eb91aa277bc85c30) Importer(815301076,1909f56bfc062723c751e8b465ee728b)
Start importing Assets/EffectExamples/WaterEffects/Prefabs/WaterDripEffect.prefab using Guid(3e8bbc11ff0ac7f4eb91aa277bc85c30) Importer(815301076,1909f56bfc062723c751e8b465ee728b)  -> (artifact id: 'd40eb023508445a81d92944d03a0ae44') in 0.093698 seconds
  Import took 0.106815 seconds .

========================================================================
Received Import Request.
  Time since last request: 0.000848 seconds.
  path: Assets/EffectExamples/WaterEffects/Prefabs/StormCloudEffect.prefab
  artifactKey: Guid(ca55dd9d7d291014a8b13aaf95318a3a) Importer(815301076,1909f56bfc062723c751e8b465ee728b)
Start importing Assets/EffectExamples/WaterEffects/Prefabs/StormCloudEffect.prefab using Guid(ca55dd9d7d291014a8b13aaf95318a3a) Importer(815301076,1909f56bfc062723c751e8b465ee728b)  -> (artifact id: '4491a1b420cc982a51d1ec5f5b105b97') in 0.015155 seconds
  Import took 0.027963 seconds .

========================================================================
Received Import Request.
  Time since last request: 0.000723 seconds.
  path: Assets/EffectExamples/WaterEffects/Prefabs/WaterfallSmallEffect.prefab
  artifactKey: Guid(e0ea35e989dfcd043b42d7053b546abc) Importer(815301076,1909f56bfc062723c751e8b465ee728b)
Start importing Assets/EffectExamples/WaterEffects/Prefabs/WaterfallSmallEffect.prefab using Guid(e0ea35e989dfcd043b42d7053b546abc) Importer(815301076,1909f56bfc062723c751e8b465ee728b)  -> (artifact id: '039152bca5be081dd79125f6b9df8af5') in 0.014861 seconds
  Import took 0.027772 seconds .

========================================================================
Received Import Request.
  Time since last request: 0.000939 seconds.
  path: Assets/EffectExamples/WaterEffects/Prefabs/WaterfallEffect.prefab
  artifactKey: Guid(8edb62778d3ea1e489bc191b81b2fc46) Importer(815301076,1909f56bfc062723c751e8b465ee728b)
Start importing Assets/EffectExamples/WaterEffects/Prefabs/WaterfallEffect.prefab using Guid(8edb62778d3ea1e489bc191b81b2fc46) Importer(815301076,1909f56bfc062723c751e8b465ee728b)  -> (artifact id: '818bde53d1bb0f42242e11f52fe552e9') in 0.017771 seconds
  Import took 0.027375 seconds .

========================================================================
Received Import Request.
  Time since last request: 215.989060 seconds.
  path: Assets/EffectExamples/Scenes
  artifactKey: Guid(6e2175e19ead3b341ad1be4afbe9075a) Importer(815301076,1909f56bfc062723c751e8b465ee728b)
Start importing Assets/EffectExamples/Scenes using Guid(6e2175e19ead3b341ad1be4afbe9075a) Importer(815301076,1909f56bfc062723c751e8b465ee728b)  -> (artifact id: '50b5000ada37ca30d419ce42790fd4e2') in 0.016093 seconds
  Import took 0.028339 seconds .

========================================================================
Received Import Request.
  Time since last request: 18.493275 seconds.
  path: Assets/EffectExamples/Profiles
  artifactKey: Guid(6f426c4892a2cbe45b857446a86027c0) Importer(815301076,1909f56bfc062723c751e8b465ee728b)
Start importing Assets/EffectExamples/Profiles using Guid(6f426c4892a2cbe45b857446a86027c0) Importer(815301076,1909f56bfc062723c751e8b465ee728b)  -> (artifact id: '47329b189629ac4d98f78ace7bcf903d') in 0.010809 seconds
  Import took 0.023497 seconds .

========================================================================
Received Import Request.
  Time since last request: 0.034276 seconds.
  path: Assets/EffectExamples/Profiles
  artifactKey: Guid(6f426c4892a2cbe45b857446a86027c0) Importer(815301076,1909f56bfc062723c751e8b465ee728b)
Start importing Assets/EffectExamples/Profiles using Guid(6f426c4892a2cbe45b857446a86027c0) Importer(815301076,1909f56bfc062723c751e8b465ee728b)  -> (artifact id: '47329b189629ac4d98f78ace7bcf903d') in 0.010162 seconds
  Import took 0.024395 seconds .

========================================================================
Received Import Request.
  Time since last request: 0.066886 seconds.
  path: Assets/EffectExamples/Profiles/EffectsProfile.asset
  artifactKey: Guid(fd12609cdb539f941a85cc98e826d1ed) Importer(815301076,1909f56bfc062723c751e8b465ee728b)
Start importing Assets/EffectExamples/Profiles/EffectsProfile.asset using Guid(fd12609cdb539f941a85cc98e826d1ed) Importer(815301076,1909f56bfc062723c751e8b465ee728b)  -> (artifact id: 'b3b209c1dfb33f33afd467d36cfa4aa2') in 0.016105 seconds
  Import took 0.027425 seconds .

========================================================================
Received Prepare
Registering precompiled user dll's ...
Registered in 0.003215 seconds.
Begin MonoManager ReloadAssembly
Native extension for WindowsStandalone target not found
Native extension for WebGL target not found
Refreshing native plugins compatible for Editor in 1.09 ms, found 0 plugins.
Preloading 0 native plugins for Editor in 0.00 ms.
Warning: Annotation not found!
UnityEngine.StackTraceUtility:ExtractStackTrace ()
UnityEditor.ProBuilder.EditorUtility:SetGizmoIconEnabled (System.Type,bool) (at Library/PackageCache/com.unity.probuilder@4.5.0/Editor/EditorCore/EditorUtility.cs:593)
UnityEditor.ProBuilder.HierarchyListener:.cctor () (at Library/PackageCache/com.unity.probuilder@4.5.0/Editor/EditorCore/HierarchyListener.cs:21)
System.Runtime.CompilerServices.RuntimeHelpers:RunClassConstructor (System.RuntimeTypeHandle)
UnityEditor.EditorAssemblies:ProcessInitializeOnLoadAttributes (System.Type[])

[Library/PackageCache/com.unity.probuilder@4.5.0/Editor/EditorCore/EditorUtility.cs line 593]

Mono: successfully reloaded assembly
- Completed reload, in  2.012 seconds
Platform modules already initialized, skipping
Refreshing native plugins compatible for Editor in 3.72 ms, found 0 plugins.
Preloading 0 native plugins for Editor in 0.00 ms.
Unloading 1607 Unused Serialized files (Serialized files now loaded: 0)
System memory in use before: 102.7 MB.
System memory in use after: 102.7 MB.

Unloading 6 unused Assets to reduce memory usage. Loaded Objects now: 2144.
Total: 13.888100 ms (FindLiveObjects: 2.358400 ms CreateObjectMapping: 0.349300 ms MarkObjects: 9.665600 ms  DeleteObjects: 1.490600 ms)

AssetImportWorkerClient::OnTransportError - code=2 error=End of file
